<?xml version="1.0" encoding="UTF-8"?>
<!DOCTYPE html PUBLIC "-//W3C//DTD XHTML 1.0 Strict//EN" "http://www.w3.org/TR/xhtml1/DTD/xhtml1-strict.dtd">
<html xmlns="http://www.w3.org/1999/xhtml">
<head>
    <title>Test Report</title>
    <meta name="generator" content="HTMLTestRunner 0.8.3"/>
    <meta http-equiv="Content-Type" content="text/html; charset=UTF-8"/>
    
<style type="text/css" media="screen">
body        { font-family: verdana, arial, helvetica, sans-serif; font-size: 80%; }
table       { font-size: 100%; }
pre         { }

/* -- heading ---------------------------------------------------------------------- */
h1 {
	font-size: 16pt;
	color: gray;
}
.heading {
    margin-top: 0ex;
    margin-bottom: 1ex;
}

.heading .attribute {
    margin-top: 1ex;
    margin-bottom: 0;
}

.heading .description {
    margin-top: 4ex;
    margin-bottom: 6ex;
}

/* -- css div popup ------------------------------------------------------------------------ */
a.popup_link {
}

a.popup_link:hover {
    color: red;
}

.popup_window {
    display: none;
    position: relative;
    left: 0px;
    top: 0px;
    /*border: solid #627173 1px; */
    padding: 10px;
    background-color: #E6E6D6;
    font-family: "Lucida Console", "Courier New", Courier, monospace;
    text-align: left;
    font-size: 8pt;
    width: 500px;
}

}
/* -- report ------------------------------------------------------------------------ */
#show_detail_line {
    margin-top: 3ex;
    margin-bottom: 1ex;
}
#result_table {
    width: 80%;
    border-collapse: collapse;
    border: 1px solid #777;
}
#header_row {
    font-weight: bold;
    color: white;
    background-color: #777;
}
#result_table td {
    border: 1px solid #777;
    padding: 2px;
}
#total_row  { font-weight: bold; }
.passClass  { background-color: #6c6; }
.failClass  { background-color: #c60; }
.errorClass { background-color: #c00; }
.passCase   { color: #6c6; }
.failCase   { color: #c60; font-weight: bold; }
.errorCase  { color: #c00; font-weight: bold; }
.hiddenRow  { display: none; }
.testcase   { margin-left: 2em; }


/* -- ending ---------------------------------------------------------------------- */
#ending {
}

</style>

</head>
<body>
<script language="javascript" type="text/javascript"><!--
output_list = Array();

/* level - 0:Summary; 1:Failed; 2:All */
function showCase(level) {
    trs = document.getElementsByTagName("tr");
    for (var i = 0; i < trs.length; i++) {
        tr = trs[i];
        id = tr.id;
        if (id.substr(0,2) == 'ft') {
            if (level < 1) {
                tr.className = 'hiddenRow';
            }
            else {
                tr.className = '';
            }
        }
        if (id.substr(0,2) == 'pt') {
            if (level > 1) {
                tr.className = '';
            }
            else {
                tr.className = 'hiddenRow';
            }
        }
    }
}


function showClassDetail(cid, count) {
    var id_list = Array(count);
    var toHide = 1;
    for (var i = 0; i < count; i++) {
        tid0 = 't' + cid.substr(1) + '.' + (i+1);
        tid = 'f' + tid0;
        tr = document.getElementById(tid);
        if (!tr) {
            tid = 'p' + tid0;
            tr = document.getElementById(tid);
        }
        id_list[i] = tid;
        if (tr.className) {
            toHide = 0;
        }
    }
    for (var i = 0; i < count; i++) {
        tid = id_list[i];
        if (toHide) {
            document.getElementById('div_'+tid).style.display = 'none'
            document.getElementById(tid).className = 'hiddenRow';
        }
        else {
            document.getElementById(tid).className = '';
        }
    }
}


function showTestDetail(div_id){
    var details_div = document.getElementById(div_id)
    var displayState = details_div.style.display
    // alert(displayState)
    if (displayState != 'block' ) {
        displayState = 'block'
        details_div.style.display = 'block'
    }
    else {
        details_div.style.display = 'none'
    }
}


function html_escape(s) {
    s = s.replace(/&/g,'&amp;');
    s = s.replace(/</g,'&lt;');
    s = s.replace(/>/g,'&gt;');
    return s;
}

/* obsoleted by detail in <div>
function showOutput(id, name) {
    var w = window.open("", //url
                    name,
                    "resizable,scrollbars,status,width=800,height=450");
    d = w.document;
    d.write("<pre>");
    d.write(html_escape(output_list[id]));
    d.write("\n");
    d.write("<a href='javascript:window.close()'>close</a>\n");
    d.write("</pre>\n");
    d.close();
}
*/
--></script>

<div class='heading'>
<h1>Test Report</h1>
<p class='attribute'><strong>Start Time:</strong> 2024-01-04 11:00:54</p>
<p class='attribute'><strong>Duration:</strong> 0:16:45.546187</p>
<p class='attribute'><strong>Status:</strong> Pass 20 Error 2</p>

<p class='description'></p>
</div>



<p id='show_detail_line'>Show
<a href='javascript:showCase(0)'>Summary</a>
<a href='javascript:showCase(1)'>Failed</a>
<a href='javascript:showCase(2)'>All</a>
</p>
<table id='result_table'>
<colgroup>
<col align='left' />
<col align='right' />
<col align='right' />
<col align='right' />
<col align='right' />
<col align='right' />
</colgroup>
<tr id='header_row'>
    <td>Test Group/Test case</td>
    <td>Count</td>
    <td>Pass</td>
    <td>Fail</td>
    <td>Error</td>
    <td>View</td>
</tr>

<tr class='errorClass'>
    <td>Chrome</td>
    <td>22</td>
    <td>20</td>
    <td>0</td>
    <td>2</td>
    <td><a href="javascript:showClassDetail('c1',22)">Detail</a></td>
</tr>

<tr id='pt1.1' class='hiddenRow'>
    <td class='none'><div class='testcase'>test01_fept_001_max</div></td>
    <td colspan='5' align='center'>

    <!--css div popup start-->
    <a class="popup_link" onfocus='this.blur();' href="javascript:showTestDetail('div_pt1.1')" >
        pass</a>

    <div id='div_pt1.1' class="popup_window">
        <div style='text-align: right; color:red;cursor:pointer'>
        <a onfocus='this.blur();' onclick="document.getElementById('div_pt1.1').style.display = 'none' " >
           [x]</a>
        </div>
        <pre>
        
pt1.1: User received mail with verification code
Verification code was correct
Title is correct. Test PASS!
Account was successful created


        </pre>
    </div>
    <!--css div popup end-->

    </td>
</tr>

<tr id='pt1.2' class='hiddenRow'>
    <td class='none'><div class='testcase'>test02_fept_002_max</div></td>
    <td colspan='5' align='center'>

    <!--css div popup start-->
    <a class="popup_link" onfocus='this.blur();' href="javascript:showTestDetail('div_pt1.2')" >
        pass</a>

    <div id='div_pt1.2' class="popup_window">
        <div style='text-align: right; color:red;cursor:pointer'>
        <a onfocus='this.blur();' onclick="document.getElementById('div_pt1.2').style.display = 'none' " >
           [x]</a>
        </div>
        <pre>
        
pt1.2: User received mail with verification code
Verification code was correct
Title is correct. Test PASS!
Account was successful created
Title is correct. Test PASS!
Shipping and billing addresses are correct. Test PASS!
Address was successful created


        </pre>
    </div>
    <!--css div popup end-->

    </td>
</tr>

<tr id='pt1.3' class='hiddenRow'>
    <td class='none'><div class='testcase'>test03_fept_003_max</div></td>
    <td colspan='5' align='center'>

    <!--css div popup start-->
    <a class="popup_link" onfocus='this.blur();' href="javascript:showTestDetail('div_pt1.3')" >
        pass</a>

    <div id='div_pt1.3' class="popup_window">
        <div style='text-align: right; color:red;cursor:pointer'>
        <a onfocus='this.blur();' onclick="document.getElementById('div_pt1.3').style.display = 'none' " >
           [x]</a>
        </div>
        <pre>
        
pt1.3: User received mail with verification code
Verification code was correct
Title is correct. Test PASS!
Account was successful created
Title is correct. Test PASS!
Shipping and billing addresses are correct. Test PASS!
Address was successful created
Address was successfully changed


        </pre>
    </div>
    <!--css div popup end-->

    </td>
</tr>

<tr id='pt1.4' class='hiddenRow'>
    <td class='none'><div class='testcase'>test04_fept_004_max</div></td>
    <td colspan='5' align='center'>

    <!--css div popup start-->
    <a class="popup_link" onfocus='this.blur();' href="javascript:showTestDetail('div_pt1.4')" >
        pass</a>

    <div id='div_pt1.4' class="popup_window">
        <div style='text-align: right; color:red;cursor:pointer'>
        <a onfocus='this.blur();' onclick="document.getElementById('div_pt1.4').style.display = 'none' " >
           [x]</a>
        </div>
        <pre>
        
pt1.4: User received mail with verification code
Verification code was correct
Title is correct. Test PASS!
Account was successful created
Title is correct. Test PASS!
Shipping and billing addresses are correct. Test PASS!
Address was successful created
Address was successfully changed
Correct quantity. Test PASS!


        </pre>
    </div>
    <!--css div popup end-->

    </td>
</tr>

<tr id='pt1.5' class='hiddenRow'>
    <td class='none'><div class='testcase'>test05_fept_005_max</div></td>
    <td colspan='5' align='center'>

    <!--css div popup start-->
    <a class="popup_link" onfocus='this.blur();' href="javascript:showTestDetail('div_pt1.5')" >
        pass</a>

    <div id='div_pt1.5' class="popup_window">
        <div style='text-align: right; color:red;cursor:pointer'>
        <a onfocus='this.blur();' onclick="document.getElementById('div_pt1.5').style.display = 'none' " >
           [x]</a>
        </div>
        <pre>
        
pt1.5: User received mail with verification code
Verification code was correct
Title is correct. Test PASS!
Account was successful created
Title is correct. Test PASS!
Shipping and billing addresses are correct. Test PASS!
Address was successful created
Address was successfully changed
Correct quantity. Test PASS!
Webpage like text is correct. PASS!
Correct quantity. Test PASS!


        </pre>
    </div>
    <!--css div popup end-->

    </td>
</tr>

<tr id='pt1.6' class='hiddenRow'>
    <td class='none'><div class='testcase'>test06_fept_006_max</div></td>
    <td colspan='5' align='center'>

    <!--css div popup start-->
    <a class="popup_link" onfocus='this.blur();' href="javascript:showTestDetail('div_pt1.6')" >
        pass</a>

    <div id='div_pt1.6' class="popup_window">
        <div style='text-align: right; color:red;cursor:pointer'>
        <a onfocus='this.blur();' onclick="document.getElementById('div_pt1.6').style.display = 'none' " >
           [x]</a>
        </div>
        <pre>
        
pt1.6: User received mail with verification code
Verification code was correct
Title is correct. Test PASS!
Account was successful created
Title is correct. Test PASS!
Shipping and billing addresses are correct. Test PASS!
Address was successful created
Address was successfully changed
Correct quantity. Test PASS!
Webpage like text is correct. PASS!
Correct quantity. Test PASS!
Correct quantity. Test PASS!


        </pre>
    </div>
    <!--css div popup end-->

    </td>
</tr>

<tr id='pt1.7' class='hiddenRow'>
    <td class='none'><div class='testcase'>test07_fept_007_max</div></td>
    <td colspan='5' align='center'>

    <!--css div popup start-->
    <a class="popup_link" onfocus='this.blur();' href="javascript:showTestDetail('div_pt1.7')" >
        pass</a>

    <div id='div_pt1.7' class="popup_window">
        <div style='text-align: right; color:red;cursor:pointer'>
        <a onfocus='this.blur();' onclick="document.getElementById('div_pt1.7').style.display = 'none' " >
           [x]</a>
        </div>
        <pre>
        
pt1.7: User received mail with verification code
Verification code was correct
Title is correct. Test PASS!
Account was successful created
Title is correct. Test PASS!
Shipping and billing addresses are correct. Test PASS!
Address was successful created
Address was successfully changed
Correct quantity. Test PASS!
Webpage like text is correct. PASS!
Correct quantity. Test PASS!
Correct quantity. Test PASS!
Payment work correctly


        </pre>
    </div>
    <!--css div popup end-->

    </td>
</tr>

<tr id='pt1.8' class='hiddenRow'>
    <td class='none'><div class='testcase'>test08_fept_008_max</div></td>
    <td colspan='5' align='center'>

    <!--css div popup start-->
    <a class="popup_link" onfocus='this.blur();' href="javascript:showTestDetail('div_pt1.8')" >
        pass</a>

    <div id='div_pt1.8' class="popup_window">
        <div style='text-align: right; color:red;cursor:pointer'>
        <a onfocus='this.blur();' onclick="document.getElementById('div_pt1.8').style.display = 'none' " >
           [x]</a>
        </div>
        <pre>
        
pt1.8: User received mail with verification code
Verification code was correct
Title is correct. Test PASS!
Account was successful created
Title is correct. Test PASS!
Shipping and billing addresses are correct. Test PASS!
Address was successful created
Address was successfully changed
Correct quantity. Test PASS!
Webpage like text is correct. PASS!
Correct quantity. Test PASS!
Correct quantity. Test PASS!
Payment work correctly
User was successfully logged with correct data
Title is correct. Test PASS!
User was successful log out. Test PASS


        </pre>
    </div>
    <!--css div popup end-->

    </td>
</tr>

<tr id='pt1.9' class='hiddenRow'>
    <td class='none'><div class='testcase'>test09_feng_001_max</div></td>
    <td colspan='5' align='center'>

    <!--css div popup start-->
    <a class="popup_link" onfocus='this.blur();' href="javascript:showTestDetail('div_pt1.9')" >
        pass</a>

    <div id='div_pt1.9' class="popup_window">
        <div style='text-align: right; color:red;cursor:pointer'>
        <a onfocus='this.blur();' onclick="document.getElementById('div_pt1.9').style.display = 'none' " >
           [x]</a>
        </div>
        <pre>
        
pt1.9: User received mail with verification code
Verification code was correct
Title is correct. Test PASS!
Account was successful created
Title is correct. Test PASS!
Shipping and billing addresses are correct. Test PASS!
Address was successful created
Address was successfully changed
Correct quantity. Test PASS!
Webpage like text is correct. PASS!
Correct quantity. Test PASS!
Correct quantity. Test PASS!
Payment work correctly
User was successfully logged with correct data
Title is correct. Test PASS!
User was successful log out. Test PASS
User was redirected to register area. Test PASS


        </pre>
    </div>
    <!--css div popup end-->

    </td>
</tr>

<tr id='pt1.10' class='hiddenRow'>
    <td class='none'><div class='testcase'>test10_feng_002_max</div></td>
    <td colspan='5' align='center'>

    <!--css div popup start-->
    <a class="popup_link" onfocus='this.blur();' href="javascript:showTestDetail('div_pt1.10')" >
        pass</a>

    <div id='div_pt1.10' class="popup_window">
        <div style='text-align: right; color:red;cursor:pointer'>
        <a onfocus='this.blur();' onclick="document.getElementById('div_pt1.10').style.display = 'none' " >
           [x]</a>
        </div>
        <pre>
        
pt1.10: User received mail with verification code
Verification code was correct
Title is correct. Test PASS!
Account was successful created
Title is correct. Test PASS!
Shipping and billing addresses are correct. Test PASS!
Address was successful created
Address was successfully changed
Correct quantity. Test PASS!
Webpage like text is correct. PASS!
Correct quantity. Test PASS!
Correct quantity. Test PASS!
Payment work correctly
User was successfully logged with correct data
Title is correct. Test PASS!
User was successful log out. Test PASS
User was redirected to register area. Test PASS
User not abel to log in with wrong password. Test PASS


        </pre>
    </div>
    <!--css div popup end-->

    </td>
</tr>

<tr id='pt1.11' class='hiddenRow'>
    <td class='none'><div class='testcase'>test11_feng_003_max</div></td>
    <td colspan='5' align='center'>

    <!--css div popup start-->
    <a class="popup_link" onfocus='this.blur();' href="javascript:showTestDetail('div_pt1.11')" >
        pass</a>

    <div id='div_pt1.11' class="popup_window">
        <div style='text-align: right; color:red;cursor:pointer'>
        <a onfocus='this.blur();' onclick="document.getElementById('div_pt1.11').style.display = 'none' " >
           [x]</a>
        </div>
        <pre>
        
pt1.11: User received mail with verification code
Verification code was correct
Title is correct. Test PASS!
Account was successful created
Title is correct. Test PASS!
Shipping and billing addresses are correct. Test PASS!
Address was successful created
Address was successfully changed
Correct quantity. Test PASS!
Webpage like text is correct. PASS!
Correct quantity. Test PASS!
Correct quantity. Test PASS!
Payment work correctly
User was successfully logged with correct data
Title is correct. Test PASS!
User was successful log out. Test PASS
User was redirected to register area. Test PASS
User not abel to log in with wrong password. Test PASS
Confirm button wasn't appeared
Incorrect credit card wasn't accepted. Test PASS


        </pre>
    </div>
    <!--css div popup end-->

    </td>
</tr>

<tr id='ft1.12' class='none'>
    <td class='errorCase'><div class='testcase'>test12_feng_004_max</div></td>
    <td colspan='5' align='center'>

    <!--css div popup start-->
    <a class="popup_link" onfocus='this.blur();' href="javascript:showTestDetail('div_ft1.12')" >
        error</a>

    <div id='div_ft1.12' class="popup_window">
        <div style='text-align: right; color:red;cursor:pointer'>
        <a onfocus='this.blur();' onclick="document.getElementById('div_ft1.12').style.display = 'none' " >
           [x]</a>
        </div>
        <pre>
        
ft1.12: User received mail with verification code
Verification code was correct
Title is correct. Test PASS!
Account was successful created
Title is correct. Test PASS!
Shipping and billing addresses are correct. Test PASS!
Address was successful created
Address was successfully changed
Correct quantity. Test PASS!
Webpage like text is correct. PASS!
Correct quantity. Test PASS!
Correct quantity. Test PASS!
Payment work correctly
User was successfully logged with correct data
Title is correct. Test PASS!
User was successful log out. Test PASS
User was redirected to register area. Test PASS
User not abel to log in with wrong password. Test PASS
Confirm button wasn't appeared
Incorrect credit card wasn't accepted. Test PASS
Address wasn't create previously
User abel to create address with incorrect name. Test FALL
Traceback (most recent call last):
  File "C:\Users\wvika\PycharmProjects\automation-09-23\Portfolio\2. Front-End testing\Selenium\reports.py", line 549, in test12_feng_004_max
    wait.until(EC.visibility_of_element_located((By.XPATH, '// *[contains(text(), "The First name field format is '
  File "C:\Python312\Lib\site-packages\selenium\webdriver\support\wait.py", line 105, in until
    raise TimeoutException(message, screen, stacktrace)
selenium.common.exceptions.TimeoutException: Message: 
Stacktrace:
	GetHandleVerifier [0x01316EE3+174339]
	(No symbol) [0x01240A51]
	(No symbol) [0x00F56FF6]
	(No symbol) [0x00F89876]
	(No symbol) [0x00F89C2C]
	(No symbol) [0x00FBBD42]
	(No symbol) [0x00FA7054]
	(No symbol) [0x00FBA104]
	(No symbol) [0x00FA6DA6]
	(No symbol) [0x00F81034]
	(No symbol) [0x00F81F8D]
	GetHandleVerifier [0x013B4B1C+820540]
	sqlite3_dbdata_init [0x014753EE+653550]
	sqlite3_dbdata_init [0x01474E09+652041]
	sqlite3_dbdata_init [0x014697CC+605388]
	sqlite3_dbdata_init [0x01475D9B+656027]
	(No symbol) [0x0124FE6C]
	(No symbol) [0x012483B8]
	(No symbol) [0x012484DD]
	(No symbol) [0x01235818]
	BaseThreadInitThunk [0x75E4FCC9+25]
	RtlGetAppContainerNamedObjectPath [0x76F07C6E+286]
	RtlGetAppContainerNamedObjectPath [0x76F07C3E+238]



        </pre>
    </div>
    <!--css div popup end-->

    </td>
</tr>

<tr id='pt1.13' class='hiddenRow'>
    <td class='none'><div class='testcase'>test13_feng_005_max</div></td>
    <td colspan='5' align='center'>

    <!--css div popup start-->
    <a class="popup_link" onfocus='this.blur();' href="javascript:showTestDetail('div_pt1.13')" >
        pass</a>

    <div id='div_pt1.13' class="popup_window">
        <div style='text-align: right; color:red;cursor:pointer'>
        <a onfocus='this.blur();' onclick="document.getElementById('div_pt1.13').style.display = 'none' " >
           [x]</a>
        </div>
        <pre>
        
pt1.13: User received mail with verification code
Verification code was correct
Title is correct. Test PASS!
Account was successful created
Title is correct. Test PASS!
Shipping and billing addresses are correct. Test PASS!
Address was successful created
Address was successfully changed
Correct quantity. Test PASS!
Webpage like text is correct. PASS!
Correct quantity. Test PASS!
Correct quantity. Test PASS!
Payment work correctly
User was successfully logged with correct data
Title is correct. Test PASS!
User was successful log out. Test PASS
User was redirected to register area. Test PASS
User not abel to log in with wrong password. Test PASS
Confirm button wasn't appeared
Incorrect credit card wasn't accepted. Test PASS
Address wasn't create previously
User abel to create address with incorrect name. Test FALL
Address wasn't create previously
User not abel to create address with incorrect address1. Test PASS


        </pre>
    </div>
    <!--css div popup end-->

    </td>
</tr>

<tr id='pt1.14' class='hiddenRow'>
    <td class='none'><div class='testcase'>test14_feng_006_max</div></td>
    <td colspan='5' align='center'>

    <!--css div popup start-->
    <a class="popup_link" onfocus='this.blur();' href="javascript:showTestDetail('div_pt1.14')" >
        pass</a>

    <div id='div_pt1.14' class="popup_window">
        <div style='text-align: right; color:red;cursor:pointer'>
        <a onfocus='this.blur();' onclick="document.getElementById('div_pt1.14').style.display = 'none' " >
           [x]</a>
        </div>
        <pre>
        
pt1.14: User received mail with verification code
Verification code was correct
Title is correct. Test PASS!
Account was successful created
Title is correct. Test PASS!
Shipping and billing addresses are correct. Test PASS!
Address was successful created
Address was successfully changed
Correct quantity. Test PASS!
Webpage like text is correct. PASS!
Correct quantity. Test PASS!
Correct quantity. Test PASS!
Payment work correctly
User was successfully logged with correct data
Title is correct. Test PASS!
User was successful log out. Test PASS
User was redirected to register area. Test PASS
User not abel to log in with wrong password. Test PASS
Confirm button wasn't appeared
Incorrect credit card wasn't accepted. Test PASS
Address wasn't create previously
User abel to create address with incorrect name. Test FALL
Address wasn't create previously
User not abel to create address with incorrect address1. Test PASS
Address wasn't create previously
User not abel to create address with incorrect zip code. Test PASS


        </pre>
    </div>
    <!--css div popup end-->

    </td>
</tr>

<tr id='pt1.15' class='hiddenRow'>
    <td class='none'><div class='testcase'>test15_feng_007_max</div></td>
    <td colspan='5' align='center'>

    <!--css div popup start-->
    <a class="popup_link" onfocus='this.blur();' href="javascript:showTestDetail('div_pt1.15')" >
        pass</a>

    <div id='div_pt1.15' class="popup_window">
        <div style='text-align: right; color:red;cursor:pointer'>
        <a onfocus='this.blur();' onclick="document.getElementById('div_pt1.15').style.display = 'none' " >
           [x]</a>
        </div>
        <pre>
        
pt1.15: User received mail with verification code
Verification code was correct
Title is correct. Test PASS!
Account was successful created
Title is correct. Test PASS!
Shipping and billing addresses are correct. Test PASS!
Address was successful created
Address was successfully changed
Correct quantity. Test PASS!
Webpage like text is correct. PASS!
Correct quantity. Test PASS!
Correct quantity. Test PASS!
Payment work correctly
User was successfully logged with correct data
Title is correct. Test PASS!
User was successful log out. Test PASS
User was redirected to register area. Test PASS
User not abel to log in with wrong password. Test PASS
Confirm button wasn't appeared
Incorrect credit card wasn't accepted. Test PASS
Address wasn't create previously
User abel to create address with incorrect name. Test FALL
Address wasn't create previously
User not abel to create address with incorrect address1. Test PASS
Address wasn't create previously
User not abel to create address with incorrect zip code. Test PASS
Address wasn't create previously
User not abel to create address with incorrect city. Test PASS


        </pre>
    </div>
    <!--css div popup end-->

    </td>
</tr>

<tr id='ft1.16' class='none'>
    <td class='errorCase'><div class='testcase'>test16_feng_008_max</div></td>
    <td colspan='5' align='center'>

    <!--css div popup start-->
    <a class="popup_link" onfocus='this.blur();' href="javascript:showTestDetail('div_ft1.16')" >
        error</a>

    <div id='div_ft1.16' class="popup_window">
        <div style='text-align: right; color:red;cursor:pointer'>
        <a onfocus='this.blur();' onclick="document.getElementById('div_ft1.16').style.display = 'none' " >
           [x]</a>
        </div>
        <pre>
        
ft1.16: User received mail with verification code
Verification code was correct
Title is correct. Test PASS!
Account was successful created
Title is correct. Test PASS!
Shipping and billing addresses are correct. Test PASS!
Address was successful created
Address was successfully changed
Correct quantity. Test PASS!
Webpage like text is correct. PASS!
Correct quantity. Test PASS!
Correct quantity. Test PASS!
Payment work correctly
User was successfully logged with correct data
Title is correct. Test PASS!
User was successful log out. Test PASS
User was redirected to register area. Test PASS
User not abel to log in with wrong password. Test PASS
Confirm button wasn't appeared
Incorrect credit card wasn't accepted. Test PASS
Address wasn't create previously
User abel to create address with incorrect name. Test FALL
Address wasn't create previously
User not abel to create address with incorrect address1. Test PASS
Address wasn't create previously
User not abel to create address with incorrect zip code. Test PASS
Address wasn't create previously
User not abel to create address with incorrect city. Test PASS
Address wasn't create previously
User abel to create address with incorrect phone number. Test FALL
Traceback (most recent call last):
  File "C:\Users\wvika\PycharmProjects\automation-09-23\Portfolio\2. Front-End testing\Selenium\reports.py", line 731, in test16_feng_008_max
    wait.until(EC.visibility_of_element_located((By.XPATH, '// *[contains(text(), "The Phone field format is '
  File "C:\Python312\Lib\site-packages\selenium\webdriver\support\wait.py", line 105, in until
    raise TimeoutException(message, screen, stacktrace)
selenium.common.exceptions.TimeoutException: Message: 
Stacktrace:
	GetHandleVerifier [0x01316EE3+174339]
	(No symbol) [0x01240A51]
	(No symbol) [0x00F56FF6]
	(No symbol) [0x00F89876]
	(No symbol) [0x00F89C2C]
	(No symbol) [0x00FBBD42]
	(No symbol) [0x00FA7054]
	(No symbol) [0x00FBA104]
	(No symbol) [0x00FA6DA6]
	(No symbol) [0x00F81034]
	(No symbol) [0x00F81F8D]
	GetHandleVerifier [0x013B4B1C+820540]
	sqlite3_dbdata_init [0x014753EE+653550]
	sqlite3_dbdata_init [0x01474E09+652041]
	sqlite3_dbdata_init [0x014697CC+605388]
	sqlite3_dbdata_init [0x01475D9B+656027]
	(No symbol) [0x0124FE6C]
	(No symbol) [0x012483B8]
	(No symbol) [0x012484DD]
	(No symbol) [0x01235818]
	BaseThreadInitThunk [0x75E4FCC9+25]
	RtlGetAppContainerNamedObjectPath [0x76F07C6E+286]
	RtlGetAppContainerNamedObjectPath [0x76F07C3E+238]



        </pre>
    </div>
    <!--css div popup end-->

    </td>
</tr>

<tr id='pt1.17' class='hiddenRow'>
    <td class='none'><div class='testcase'>test17_febd_001_max</div></td>
    <td colspan='5' align='center'>

    <!--css div popup start-->
    <a class="popup_link" onfocus='this.blur();' href="javascript:showTestDetail('div_pt1.17')" >
        pass</a>

    <div id='div_pt1.17' class="popup_window">
        <div style='text-align: right; color:red;cursor:pointer'>
        <a onfocus='this.blur();' onclick="document.getElementById('div_pt1.17').style.display = 'none' " >
           [x]</a>
        </div>
        <pre>
        
pt1.17: User received mail with verification code
Verification code was correct
Title is correct. Test PASS!
Account was successful created
Title is correct. Test PASS!
Shipping and billing addresses are correct. Test PASS!
Address was successful created
Address was successfully changed
Correct quantity. Test PASS!
Webpage like text is correct. PASS!
Correct quantity. Test PASS!
Correct quantity. Test PASS!
Payment work correctly
User was successfully logged with correct data
Title is correct. Test PASS!
User was successful log out. Test PASS
User was redirected to register area. Test PASS
User not abel to log in with wrong password. Test PASS
Confirm button wasn't appeared
Incorrect credit card wasn't accepted. Test PASS
Address wasn't create previously
User abel to create address with incorrect name. Test FALL
Address wasn't create previously
User not abel to create address with incorrect address1. Test PASS
Address wasn't create previously
User not abel to create address with incorrect zip code. Test PASS
Address wasn't create previously
User not abel to create address with incorrect city. Test PASS
Address wasn't create previously
User abel to create address with incorrect phone number. Test FALL
User received mail with verification code
User can't create account with weak password. Test PASS


        </pre>
    </div>
    <!--css div popup end-->

    </td>
</tr>

<tr id='pt1.18' class='hiddenRow'>
    <td class='none'><div class='testcase'>test18_febd_002_max</div></td>
    <td colspan='5' align='center'>

    <!--css div popup start-->
    <a class="popup_link" onfocus='this.blur();' href="javascript:showTestDetail('div_pt1.18')" >
        pass</a>

    <div id='div_pt1.18' class="popup_window">
        <div style='text-align: right; color:red;cursor:pointer'>
        <a onfocus='this.blur();' onclick="document.getElementById('div_pt1.18').style.display = 'none' " >
           [x]</a>
        </div>
        <pre>
        
pt1.18: User received mail with verification code
Verification code was correct
Title is correct. Test PASS!
Account was successful created
Title is correct. Test PASS!
Shipping and billing addresses are correct. Test PASS!
Address was successful created
Address was successfully changed
Correct quantity. Test PASS!
Webpage like text is correct. PASS!
Correct quantity. Test PASS!
Correct quantity. Test PASS!
Payment work correctly
User was successfully logged with correct data
Title is correct. Test PASS!
User was successful log out. Test PASS
User was redirected to register area. Test PASS
User not abel to log in with wrong password. Test PASS
Confirm button wasn't appeared
Incorrect credit card wasn't accepted. Test PASS
Address wasn't create previously
User abel to create address with incorrect name. Test FALL
Address wasn't create previously
User not abel to create address with incorrect address1. Test PASS
Address wasn't create previously
User not abel to create address with incorrect zip code. Test PASS
Address wasn't create previously
User not abel to create address with incorrect city. Test PASS
Address wasn't create previously
User abel to create address with incorrect phone number. Test FALL
User received mail with verification code
User can't create account with weak password. Test PASS
User received mail with verification code
Title is correct. Test PASS!


        </pre>
    </div>
    <!--css div popup end-->

    </td>
</tr>

<tr id='pt1.19' class='hiddenRow'>
    <td class='none'><div class='testcase'>test19_febd_003_max</div></td>
    <td colspan='5' align='center'>

    <!--css div popup start-->
    <a class="popup_link" onfocus='this.blur();' href="javascript:showTestDetail('div_pt1.19')" >
        pass</a>

    <div id='div_pt1.19' class="popup_window">
        <div style='text-align: right; color:red;cursor:pointer'>
        <a onfocus='this.blur();' onclick="document.getElementById('div_pt1.19').style.display = 'none' " >
           [x]</a>
        </div>
        <pre>
        
pt1.19: User received mail with verification code
Verification code was correct
Title is correct. Test PASS!
Account was successful created
Title is correct. Test PASS!
Shipping and billing addresses are correct. Test PASS!
Address was successful created
Address was successfully changed
Correct quantity. Test PASS!
Webpage like text is correct. PASS!
Correct quantity. Test PASS!
Correct quantity. Test PASS!
Payment work correctly
User was successfully logged with correct data
Title is correct. Test PASS!
User was successful log out. Test PASS
User was redirected to register area. Test PASS
User not abel to log in with wrong password. Test PASS
Confirm button wasn't appeared
Incorrect credit card wasn't accepted. Test PASS
Address wasn't create previously
User abel to create address with incorrect name. Test FALL
Address wasn't create previously
User not abel to create address with incorrect address1. Test PASS
Address wasn't create previously
User not abel to create address with incorrect zip code. Test PASS
Address wasn't create previously
User not abel to create address with incorrect city. Test PASS
Address wasn't create previously
User abel to create address with incorrect phone number. Test FALL
User received mail with verification code
User can't create account with weak password. Test PASS
User received mail with verification code
Title is correct. Test PASS!
User received mail with verification code
Title is correct. Test PASS!


        </pre>
    </div>
    <!--css div popup end-->

    </td>
</tr>

<tr id='pt1.20' class='hiddenRow'>
    <td class='none'><div class='testcase'>test20_febd_004_max</div></td>
    <td colspan='5' align='center'>

    <!--css div popup start-->
    <a class="popup_link" onfocus='this.blur();' href="javascript:showTestDetail('div_pt1.20')" >
        pass</a>

    <div id='div_pt1.20' class="popup_window">
        <div style='text-align: right; color:red;cursor:pointer'>
        <a onfocus='this.blur();' onclick="document.getElementById('div_pt1.20').style.display = 'none' " >
           [x]</a>
        </div>
        <pre>
        
pt1.20: User received mail with verification code
Verification code was correct
Title is correct. Test PASS!
Account was successful created
Title is correct. Test PASS!
Shipping and billing addresses are correct. Test PASS!
Address was successful created
Address was successfully changed
Correct quantity. Test PASS!
Webpage like text is correct. PASS!
Correct quantity. Test PASS!
Correct quantity. Test PASS!
Payment work correctly
User was successfully logged with correct data
Title is correct. Test PASS!
User was successful log out. Test PASS
User was redirected to register area. Test PASS
User not abel to log in with wrong password. Test PASS
Confirm button wasn't appeared
Incorrect credit card wasn't accepted. Test PASS
Address wasn't create previously
User abel to create address with incorrect name. Test FALL
Address wasn't create previously
User not abel to create address with incorrect address1. Test PASS
Address wasn't create previously
User not abel to create address with incorrect zip code. Test PASS
Address wasn't create previously
User not abel to create address with incorrect city. Test PASS
Address wasn't create previously
User abel to create address with incorrect phone number. Test FALL
User received mail with verification code
User can't create account with weak password. Test PASS
User received mail with verification code
Title is correct. Test PASS!
User received mail with verification code
Title is correct. Test PASS!
User received mail with verification code
Title is correct. Test PASS!


        </pre>
    </div>
    <!--css div popup end-->

    </td>
</tr>

<tr id='pt1.21' class='hiddenRow'>
    <td class='none'><div class='testcase'>test21_febd_005_max</div></td>
    <td colspan='5' align='center'>

    <!--css div popup start-->
    <a class="popup_link" onfocus='this.blur();' href="javascript:showTestDetail('div_pt1.21')" >
        pass</a>

    <div id='div_pt1.21' class="popup_window">
        <div style='text-align: right; color:red;cursor:pointer'>
        <a onfocus='this.blur();' onclick="document.getElementById('div_pt1.21').style.display = 'none' " >
           [x]</a>
        </div>
        <pre>
        
pt1.21: User received mail with verification code
Verification code was correct
Title is correct. Test PASS!
Account was successful created
Title is correct. Test PASS!
Shipping and billing addresses are correct. Test PASS!
Address was successful created
Address was successfully changed
Correct quantity. Test PASS!
Webpage like text is correct. PASS!
Correct quantity. Test PASS!
Correct quantity. Test PASS!
Payment work correctly
User was successfully logged with correct data
Title is correct. Test PASS!
User was successful log out. Test PASS
User was redirected to register area. Test PASS
User not abel to log in with wrong password. Test PASS
Confirm button wasn't appeared
Incorrect credit card wasn't accepted. Test PASS
Address wasn't create previously
User abel to create address with incorrect name. Test FALL
Address wasn't create previously
User not abel to create address with incorrect address1. Test PASS
Address wasn't create previously
User not abel to create address with incorrect zip code. Test PASS
Address wasn't create previously
User not abel to create address with incorrect city. Test PASS
Address wasn't create previously
User abel to create address with incorrect phone number. Test FALL
User received mail with verification code
User can't create account with weak password. Test PASS
User received mail with verification code
Title is correct. Test PASS!
User received mail with verification code
Title is correct. Test PASS!
User received mail with verification code
Title is correct. Test PASS!
User received mail with verification code
Title is correct. Test PASS!


        </pre>
    </div>
    <!--css div popup end-->

    </td>
</tr>

<tr id='pt1.22' class='hiddenRow'>
    <td class='none'><div class='testcase'>test22_febd_006_max</div></td>
    <td colspan='5' align='center'>

    <!--css div popup start-->
    <a class="popup_link" onfocus='this.blur();' href="javascript:showTestDetail('div_pt1.22')" >
        pass</a>

    <div id='div_pt1.22' class="popup_window">
        <div style='text-align: right; color:red;cursor:pointer'>
        <a onfocus='this.blur();' onclick="document.getElementById('div_pt1.22').style.display = 'none' " >
           [x]</a>
        </div>
        <pre>
        
pt1.22: User received mail with verification code
Verification code was correct
Title is correct. Test PASS!
Account was successful created
Title is correct. Test PASS!
Shipping and billing addresses are correct. Test PASS!
Address was successful created
Address was successfully changed
Correct quantity. Test PASS!
Webpage like text is correct. PASS!
Correct quantity. Test PASS!
Correct quantity. Test PASS!
Payment work correctly
User was successfully logged with correct data
Title is correct. Test PASS!
User was successful log out. Test PASS
User was redirected to register area. Test PASS
User not abel to log in with wrong password. Test PASS
Confirm button wasn't appeared
Incorrect credit card wasn't accepted. Test PASS
Address wasn't create previously
User abel to create address with incorrect name. Test FALL
Address wasn't create previously
User not abel to create address with incorrect address1. Test PASS
Address wasn't create previously
User not abel to create address with incorrect zip code. Test PASS
Address wasn't create previously
User not abel to create address with incorrect city. Test PASS
Address wasn't create previously
User abel to create address with incorrect phone number. Test FALL
User received mail with verification code
User can't create account with weak password. Test PASS
User received mail with verification code
Title is correct. Test PASS!
User received mail with verification code
Title is correct. Test PASS!
User received mail with verification code
Title is correct. Test PASS!
User received mail with verification code
Title is correct. Test PASS!
User received mail with verification code
User can't create account with weak password. Test PASS


        </pre>
    </div>
    <!--css div popup end-->

    </td>
</tr>

<tr id='total_row'>
    <td>Total</td>
    <td>22</td>
    <td>20</td>
    <td>0</td>
    <td>2</td>
    <td>&nbsp;</td>
</tr>
</table>

<div id='ending'>&nbsp;</div>

</body>
</html>
